[Sat Apr  4 18:55:07 2015] [debug] Your secret passphrase needs to be changed
[Sat Apr  4 18:55:07 2015] [info] Built asset for normalize.css
[Sat Apr  4 18:55:46 2015] [debug] Your secret passphrase needs to be changed
[Sat Apr  4 18:56:20 2015] [debug] Your secret passphrase needs to be changed
[Sat Apr  4 18:56:20 2015] [info] Built asset for main.css
[Sat Apr  4 18:56:20 2015] [debug] GET "/ajax/libs/jquery/1.11.2/jquery.min.js"
[Sat Apr  4 18:56:20 2015] [debug] Template "not_found.development.html.ep" not found
[Sat Apr  4 18:56:20 2015] [debug] Template "not_found.html.ep" not found
[Sat Apr  4 18:56:20 2015] [debug] Rendering inline template "fd403ab55a4c875e35b42428816134c7"
[Sat Apr  4 18:56:20 2015] [debug] Rendering inline template "dd85456cf9f44e1e43bebae130a7f9df"
[Sat Apr  4 18:56:20 2015] [debug] 404 Not Found (0.036444s, 27.439/s)
[Sat Apr  4 18:56:33 2015] [debug] Your secret passphrase needs to be changed
[Sat Apr  4 18:56:34 2015] [info] Asset http://ajax.googleapis.com/ajax/libs/jquery/1.11.2/jquery.min.js was fetched
[Sat Apr  4 18:56:34 2015] [info] Built asset for http___ajax_googleapis_com_ajax_libs_jquery_1_11_2_jquery_min_js.js
[Sat Apr  4 18:56:34 2015] [info] Built asset for plugins.js
[Sat Apr  4 18:56:34 2015] [info] Built asset for main.js
[Sat Apr  4 18:56:34 2015] [info] Built asset for modernizr-2.8.3.min.js
[Sat Apr  4 18:56:46 2015] [debug] GET "/"
[Sat Apr  4 18:56:46 2015] [debug] Class "Muddled::Controller::Home" is not a controller
[Sat Apr  4 18:56:46 2015] [debug] Rendering template "home/welcome.html.ep"
[Sat Apr  4 18:56:46 2015] [error] Global symbol "$msg" requires explicit package name at template home/welcome.html.ep line 3.
1: % layout 'default';
2: % title 'Welcome';
3: <h2><%= $msg %></h2>
4: This page was generated from the template "templates/example/welcome.html.ep"
5: and the layout "templates/layouts/default.html.ep",
6: <%= link_to 'click here' => url_for %> to reload the page or
7: <%= link_to 'here' => '/index.html' %> to move forward to a static page.

[Sat Apr  4 18:56:46 2015] [debug] Template "exception.development.html.ep" not found
[Sat Apr  4 18:56:46 2015] [debug] Template "exception.html.ep" not found
[Sat Apr  4 18:56:46 2015] [debug] Rendering inline template "fd403ab55a4c875e35b42428816134c7"
[Sat Apr  4 18:56:46 2015] [debug] Rendering inline template "dd85456cf9f44e1e43bebae130a7f9df"
[Sat Apr  4 18:56:46 2015] [debug] 500 Internal Server Error (0.117742s, 8.493/s)
[Sat Apr  4 18:56:48 2015] [debug] GET "/"
[Sat Apr  4 18:56:48 2015] [debug] Class "Muddled::Controller::Home" is not a controller
[Sat Apr  4 18:56:48 2015] [debug] Rendering template "home/welcome.html.ep"
[Sat Apr  4 18:56:48 2015] [error] Global symbol "$msg" requires explicit package name at template home/welcome.html.ep line 3.
1: % layout 'default';
2: % title 'Welcome';
3: <h2><%= $msg %></h2>
4: This page was generated from the template "templates/example/welcome.html.ep"
5: and the layout "templates/layouts/default.html.ep",
6: <%= link_to 'click here' => url_for %> to reload the page or
7: <%= link_to 'here' => '/index.html' %> to move forward to a static page.

[Sat Apr  4 18:56:48 2015] [debug] Template "exception.development.html.ep" not found
[Sat Apr  4 18:56:48 2015] [debug] Template "exception.html.ep" not found
[Sat Apr  4 18:56:48 2015] [debug] Rendering cached inline template "fd403ab55a4c875e35b42428816134c7"
[Sat Apr  4 18:56:48 2015] [debug] Rendering cached inline template "dd85456cf9f44e1e43bebae130a7f9df"
[Sat Apr  4 18:56:48 2015] [debug] 500 Internal Server Error (0.013179s, 75.878/s)
[Sat Apr  4 18:58:52 2015] [debug] Your secret passphrase needs to be changed
[Sat Apr  4 18:58:52 2015] [debug] GET "/"
[Sat Apr  4 18:58:52 2015] [debug] Class "Muddled::Controller::Home" is not a controller
[Sat Apr  4 18:58:52 2015] [debug] Rendering template "home/welcome.html.ep"
[Sat Apr  4 18:58:52 2015] [debug] Rendering template "layouts/default.html.ep"
[Sat Apr  4 18:58:52 2015] [error] Asset 'bootstrap.css' is not defined. at /Library/Perl/5.18/Mojolicious/Plugin/AssetPack.pm line 45.

[Sat Apr  4 18:58:52 2015] [error] Asset 'bootstrap.js' is not defined. at /Library/Perl/5.18/Mojolicious/Plugin/AssetPack.pm line 45.

[Sat Apr  4 18:58:52 2015] [debug] 200 OK (0.332610s, 3.007/s)
[Sat Apr  4 18:59:15 2015] [debug] Your secret passphrase needs to be changed
[Sat Apr  4 18:59:23 2015] [debug] Your secret passphrase needs to be changed
[Sat Apr  4 18:59:35 2015] [debug] Your secret passphrase needs to be changed
[Sat Apr  4 19:00:21 2015] [debug] Your secret passphrase needs to be changed
[Sat Apr  4 19:01:00 2015] [debug] Your secret passphrase needs to be changed
[Sat Apr  4 19:01:05 2015] [debug] Your secret passphrase needs to be changed
[Sat Apr  4 19:01:07 2015] [debug] Your secret passphrase needs to be changed
[Sat Apr  4 19:01:13 2015] [debug] GET "/"
[Sat Apr  4 19:01:13 2015] [debug] Class "Muddled::Controller::Home" is not a controller
[Sat Apr  4 19:01:13 2015] [debug] Rendering template "home/welcome.html.ep"
[Sat Apr  4 19:01:13 2015] [debug] Rendering template "layouts/default.html.ep"
[Sat Apr  4 19:01:13 2015] [debug] 200 OK (0.138960s, 7.196/s)
[Sat Apr  4 19:01:17 2015] [debug] GET "/admin"
[Sat Apr  4 19:01:17 2015] [debug] Template "not_found.development.html.ep" not found
[Sat Apr  4 19:01:17 2015] [debug] Template "not_found.html.ep" not found
[Sat Apr  4 19:01:17 2015] [debug] Rendering inline template "fd403ab55a4c875e35b42428816134c7"
[Sat Apr  4 19:01:17 2015] [debug] Rendering inline template "dd85456cf9f44e1e43bebae130a7f9df"
[Sat Apr  4 19:01:17 2015] [debug] 404 Not Found (0.033344s, 29.990/s)
[Sat Apr  4 19:01:42 2015] [debug] Your secret passphrase needs to be changed
[Sat Apr  4 19:01:59 2015] [debug] Your secret passphrase needs to be changed
[Sat Apr  4 19:02:17 2015] [debug] Your secret passphrase needs to be changed
[Sat Apr  4 19:03:51 2015] [debug] Your secret passphrase needs to be changed
[Sat Apr  4 19:03:54 2015] [debug] Your secret passphrase needs to be changed
[Sat Apr  4 19:03:56 2015] [debug] Your secret passphrase needs to be changed
[Sat Apr  4 19:06:13 2015] [debug] Your secret passphrase needs to be changed
[Sat Apr  4 19:06:19 2015] [debug] Your secret passphrase needs to be changed
[Sat Apr  4 19:06:31 2015] [debug] Your secret passphrase needs to be changed
[Sat Apr  4 19:06:33 2015] [debug] Your secret passphrase needs to be changed
[Sat Apr  4 19:07:21 2015] [debug] Your secret passphrase needs to be changed
[Sat Apr  4 19:07:29 2015] [debug] Your secret passphrase needs to be changed
[Sat Apr  4 19:08:36 2015] [debug] Your secret passphrase needs to be changed
[Sat Apr  4 19:08:36 2015] [info] Built asset for main.css
[Sat Apr  4 19:08:43 2015] [debug] Your secret passphrase needs to be changed
[Sat Apr  4 19:08:45 2015] [debug] Your secret passphrase needs to be changed
[Sat Apr  4 19:08:50 2015] [debug] Your secret passphrase needs to be changed
[Sat Apr  4 19:08:51 2015] [debug] GET "/"
[Sat Apr  4 19:08:51 2015] [debug] Class "Muddled::Controller::Home" is not a controller
[Sat Apr  4 19:08:51 2015] [debug] Rendering template "home/welcome.html.ep"
[Sat Apr  4 19:08:51 2015] [debug] Rendering template "layouts/default.html.ep"
[Sat Apr  4 19:08:51 2015] [debug] 200 OK (0.218651s, 4.573/s)
[Sat Apr  4 19:09:21 2015] [debug] Your secret passphrase needs to be changed
[Sat Apr  4 19:09:21 2015] [debug] GET "/"
[Sat Apr  4 19:09:21 2015] [debug] Class "Muddled::Controller::Home" is not a controller
[Sat Apr  4 19:09:21 2015] [debug] Rendering template "home/welcome.html.ep"
[Sat Apr  4 19:09:21 2015] [debug] Rendering template "layouts/default.html.ep"
[Sat Apr  4 19:09:21 2015] [debug] 200 OK (0.106807s, 9.363/s)
[Sat Apr  4 19:09:30 2015] [debug] Your secret passphrase needs to be changed
[Sat Apr  4 19:09:30 2015] [debug] GET "/"
[Sat Apr  4 19:09:30 2015] [debug] Class "Muddled::Controller::Home" is not a controller
[Sat Apr  4 19:09:30 2015] [debug] Rendering template "home/welcome.html.ep"
[Sat Apr  4 19:09:30 2015] [debug] Rendering template "layouts/default.html.ep"
[Sat Apr  4 19:09:30 2015] [debug] 200 OK (0.104128s, 9.604/s)
[Sat Apr  4 19:09:44 2015] [debug] Your secret passphrase needs to be changed
[Sat Apr  4 19:09:45 2015] [debug] GET "/"
[Sat Apr  4 19:09:45 2015] [debug] Class "Muddled::Controller::Home" is not a controller
[Sat Apr  4 19:09:45 2015] [debug] Rendering template "home/welcome.html.ep"
[Sat Apr  4 19:09:45 2015] [debug] Rendering template "layouts/default.html.ep"
[Sat Apr  4 19:09:45 2015] [debug] 200 OK (0.085823s, 11.652/s)
[Sat Apr  4 19:09:57 2015] [debug] Your secret passphrase needs to be changed
[Sat Apr  4 19:10:23 2015] [debug] Your secret passphrase needs to be changed
[Sat Apr  4 19:10:34 2015] [debug] Your secret passphrase needs to be changed
[Sat Apr  4 19:10:34 2015] [debug] GET "/"
[Sat Apr  4 19:10:34 2015] [debug] Class "Muddled::Controller::Home" is not a controller
[Sat Apr  4 19:10:34 2015] [debug] Rendering template "home/welcome.html.ep"
[Sat Apr  4 19:10:34 2015] [debug] Rendering template "layouts/navbar.html.ep"
[Sat Apr  4 19:10:34 2015] [error] syntax error at template layouts/navbar.html.ep line 58, near "} $_O "
Global symbol "$_O" requires explicit package name at template layouts/navbar.html.ep line 58.
Unmatched right curly bracket at template layouts/navbar.html.ep line 58, at end of line
53:     </div><!-- /.navbar-collapse -->
54:   </div><!-- /.container-fluid -->
55: </nav>
56: %end
57: 
58: % layout 'default'

[Sat Apr  4 19:10:34 2015] [debug] Template "exception.development.html.ep" not found
[Sat Apr  4 19:10:34 2015] [debug] Template "exception.html.ep" not found
[Sat Apr  4 19:10:34 2015] [debug] Rendering inline template "fd403ab55a4c875e35b42428816134c7"
[Sat Apr  4 19:10:34 2015] [debug] Rendering inline template "dd85456cf9f44e1e43bebae130a7f9df"
[Sat Apr  4 19:10:34 2015] [debug] 500 Internal Server Error (0.161168s, 6.205/s)
[Sat Apr  4 19:10:51 2015] [debug] Your secret passphrase needs to be changed
[Sat Apr  4 19:10:51 2015] [debug] GET "/"
[Sat Apr  4 19:10:51 2015] [debug] Class "Muddled::Controller::Home" is not a controller
[Sat Apr  4 19:10:51 2015] [debug] Rendering template "home/welcome.html.ep"
[Sat Apr  4 19:10:51 2015] [debug] Rendering template "layouts/navbar.html.ep"
[Sat Apr  4 19:10:51 2015] [error] syntax error at template layouts/navbar.html.ep line 58, near "} $_O "
Global symbol "$_O" requires explicit package name at template layouts/navbar.html.ep line 58.
Unmatched right curly bracket at template layouts/navbar.html.ep line 58, at end of line
53:     </div><!-- /.navbar-collapse -->
54:   </div><!-- /.container-fluid -->
55: </nav>
56: %end
57: 
58: % include 'default'

[Sat Apr  4 19:10:51 2015] [debug] Template "exception.development.html.ep" not found
[Sat Apr  4 19:10:51 2015] [debug] Template "exception.html.ep" not found
[Sat Apr  4 19:10:51 2015] [debug] Rendering inline template "fd403ab55a4c875e35b42428816134c7"
[Sat Apr  4 19:10:51 2015] [debug] Rendering inline template "dd85456cf9f44e1e43bebae130a7f9df"
[Sat Apr  4 19:10:51 2015] [debug] 500 Internal Server Error (0.203359s, 4.917/s)
[Sat Apr  4 19:11:08 2015] [debug] Your secret passphrase needs to be changed
[Sat Apr  4 19:11:08 2015] [debug] GET "/"
[Sat Apr  4 19:11:08 2015] [debug] Class "Muddled::Controller::Home" is not a controller
[Sat Apr  4 19:11:08 2015] [debug] Rendering template "home/welcome.html.ep"
[Sat Apr  4 19:11:08 2015] [debug] Rendering template "layouts/navbar.html.ep"
[Sat Apr  4 19:11:08 2015] [error] syntax error at template layouts/navbar.html.ep line 58, near "} $_O "
Global symbol "$_O" requires explicit package name at template layouts/navbar.html.ep line 58.
Unmatched right curly bracket at template layouts/navbar.html.ep line 58, at end of line
53:     </div><!-- /.navbar-collapse -->
54:   </div><!-- /.container-fluid -->
55: </nav>
56: %end
57: 
58: % include 'default';

[Sat Apr  4 19:11:08 2015] [debug] Template "exception.development.html.ep" not found
[Sat Apr  4 19:11:08 2015] [debug] Template "exception.html.ep" not found
[Sat Apr  4 19:11:08 2015] [debug] Rendering inline template "fd403ab55a4c875e35b42428816134c7"
[Sat Apr  4 19:11:08 2015] [debug] Rendering inline template "dd85456cf9f44e1e43bebae130a7f9df"
[Sat Apr  4 19:11:08 2015] [debug] 500 Internal Server Error (0.129538s, 7.720/s)
[Sat Apr  4 19:11:33 2015] [debug] Your secret passphrase needs to be changed
[Sat Apr  4 19:11:33 2015] [debug] GET "/"
[Sat Apr  4 19:11:33 2015] [debug] Class "Muddled::Controller::Home" is not a controller
[Sat Apr  4 19:11:33 2015] [debug] Rendering template "home/welcome.html.ep"
[Sat Apr  4 19:11:33 2015] [debug] Rendering template "layouts/navbar.html.ep"
[Sat Apr  4 19:11:33 2015] [error] syntax error at template layouts/navbar.html.ep line 58, near "} $_O "
Global symbol "$_O" requires explicit package name at template layouts/navbar.html.ep line 58.
Unmatched right curly bracket at template layouts/navbar.html.ep line 58, at end of line
53:     </div><!-- /.navbar-collapse -->
54:   </div><!-- /.container-fluid -->
55: </nav>
56: %end
57: 
58: % layout 'default';

[Sat Apr  4 19:11:33 2015] [debug] Template "exception.development.html.ep" not found
[Sat Apr  4 19:11:33 2015] [debug] Template "exception.html.ep" not found
[Sat Apr  4 19:11:33 2015] [debug] Rendering inline template "fd403ab55a4c875e35b42428816134c7"
[Sat Apr  4 19:11:33 2015] [debug] Rendering inline template "dd85456cf9f44e1e43bebae130a7f9df"
[Sat Apr  4 19:11:33 2015] [debug] 500 Internal Server Error (0.131714s, 7.592/s)
[Sat Apr  4 19:11:42 2015] [debug] Your secret passphrase needs to be changed
[Sat Apr  4 19:11:48 2015] [debug] Your secret passphrase needs to be changed
[Sat Apr  4 19:11:51 2015] [debug] Your secret passphrase needs to be changed
[Sat Apr  4 19:11:51 2015] [debug] GET "/"
[Sat Apr  4 19:11:51 2015] [debug] Class "Muddled::Controller::Home" is not a controller
[Sat Apr  4 19:11:51 2015] [debug] Rendering template "home/welcome.html.ep"
[Sat Apr  4 19:11:51 2015] [debug] Rendering template "layouts/navbar.html.ep"
[Sat Apr  4 19:11:51 2015] [debug] Rendering template "layouts/default.html.ep"
[Sat Apr  4 19:11:51 2015] [debug] 200 OK (0.142688s, 7.008/s)
[Sat Apr  4 19:12:07 2015] [debug] Your secret passphrase needs to be changed
[Sat Apr  4 19:12:19 2015] [debug] Your secret passphrase needs to be changed
[Sat Apr  4 19:12:21 2015] [debug] Your secret passphrase needs to be changed
[Sat Apr  4 19:12:27 2015] [debug] Your secret passphrase needs to be changed
[Sat Apr  4 19:12:27 2015] [debug] GET "/"
[Sat Apr  4 19:12:27 2015] [debug] Class "Muddled::Controller::Home" is not a controller
[Sat Apr  4 19:12:27 2015] [debug] Rendering template "home/welcome.html.ep"
[Sat Apr  4 19:12:28 2015] [debug] Rendering template "layouts/navbar.html.ep"
[Sat Apr  4 19:12:28 2015] [debug] Rendering template "layouts/default.html.ep"
[Sat Apr  4 19:12:28 2015] [debug] 200 OK (0.153188s, 6.528/s)
[Sat Apr  4 19:12:52 2015] [debug] Your secret passphrase needs to be changed
[Sat Apr  4 19:12:55 2015] [debug] Your secret passphrase needs to be changed
[Sat Apr  4 19:13:02 2015] [debug] Your secret passphrase needs to be changed
[Sat Apr  4 19:13:07 2015] [debug] GET "/"
[Sat Apr  4 19:13:07 2015] [debug] Class "Muddled::Controller::Home" is not a controller
[Sat Apr  4 19:13:07 2015] [debug] Rendering template "home/welcome.html.ep"
[Sat Apr  4 19:13:07 2015] [debug] Rendering template "layouts/default.html.ep"
[Sat Apr  4 19:13:07 2015] [debug] 200 OK (0.184718s, 5.414/s)
[Sat Apr  4 19:33:38 2015] [debug] Your secret passphrase needs to be changed
[Sat Apr  4 19:33:46 2015] [debug] Your secret passphrase needs to be changed
[Sat Apr  4 19:33:52 2015] [debug] GET "/"
[Sat Apr  4 19:33:52 2015] [error] syntax error at lib/Muddled/Controller/Home.pm line 37, near "any '/logout'"
syntax error at lib/Muddled/Controller/Home.pm line 45, near "}"
Compilation failed in require at (eval 56) line 1.

[Sat Apr  4 19:33:52 2015] [debug] Template "exception.development.html.ep" not found
[Sat Apr  4 19:33:52 2015] [debug] Template "exception.html.ep" not found
[Sat Apr  4 19:33:52 2015] [debug] Rendering inline template "fd403ab55a4c875e35b42428816134c7"
[Sat Apr  4 19:33:52 2015] [debug] Rendering inline template "dd85456cf9f44e1e43bebae130a7f9df"
[Sat Apr  4 19:33:52 2015] [debug] 500 Internal Server Error (0.075126s, 13.311/s)
[Sat Apr  4 19:34:11 2015] [debug] Your secret passphrase needs to be changed
[Sat Apr  4 19:34:11 2015] [debug] GET "/"
[Sat Apr  4 19:34:11 2015] [debug] Class "Muddled::Controller::Home" is not a controller
[Sat Apr  4 19:34:11 2015] [debug] Rendering template "home/welcome.html.ep"
[Sat Apr  4 19:34:11 2015] [debug] Rendering template "layouts/default.html.ep"
[Sat Apr  4 19:34:11 2015] [error] syntax error at template layouts/default.html.ep line 28, near "if flash "
syntax error at template layouts/default.html.ep line 54, near "} $_O "
  (Might be a runaway multi-line "" string starting on line 37)
Global symbol "$_O" requires explicit package name at template layouts/default.html.ep line 54.
23: 
24:         %= content header => begin
25:             
26:         % end 
27: 
28:         % if flash 'message' => begin
29:             <div class="alert alert-info alert-dismissible" role="alert">
30:               <button type="button" class="close" data-dismiss="alert" aria-label="Close"><span aria-hidden="true">&times;</span></button>
31:               %= flash 'message'
32:             </div>
33:         % end

[Sat Apr  4 19:34:11 2015] [debug] Template "exception.development.html.ep" not found
[Sat Apr  4 19:34:11 2015] [debug] Template "exception.html.ep" not found
[Sat Apr  4 19:34:11 2015] [debug] Rendering inline template "fd403ab55a4c875e35b42428816134c7"
[Sat Apr  4 19:34:11 2015] [debug] Rendering inline template "dd85456cf9f44e1e43bebae130a7f9df"
[Sat Apr  4 19:34:11 2015] [debug] 500 Internal Server Error (0.326973s, 3.058/s)
[Sat Apr  4 19:34:27 2015] [debug] Your secret passphrase needs to be changed
[Sat Apr  4 19:34:27 2015] [debug] GET "/"
[Sat Apr  4 19:34:27 2015] [debug] Class "Muddled::Controller::Home" is not a controller
[Sat Apr  4 19:34:27 2015] [debug] Rendering template "home/welcome.html.ep"
[Sat Apr  4 19:34:27 2015] [debug] Rendering template "layouts/default.html.ep"
[Sat Apr  4 19:34:27 2015] [error] syntax error at template layouts/default.html.ep line 28, near "if flash "
syntax error at template layouts/default.html.ep line 54, near "} $_O "
Global symbol "$_O" requires explicit package name at template layouts/default.html.ep line 54.
Unmatched right curly bracket at template layouts/default.html.ep line 54, at end of line
23: 
24:         %= content header => begin
25:             
26:         % end 
27: 
28:         % if flash 'message'
29:             <div class="alert alert-info alert-dismissible" role="alert">
30:               <button type="button" class="close" data-dismiss="alert" aria-label="Close"><span aria-hidden="true">&times;</span></button>
31:               %= flash 'message'
32:             </div>
33:         % end

[Sat Apr  4 19:34:27 2015] [debug] Template "exception.development.html.ep" not found
[Sat Apr  4 19:34:27 2015] [debug] Template "exception.html.ep" not found
[Sat Apr  4 19:34:27 2015] [debug] Rendering inline template "fd403ab55a4c875e35b42428816134c7"
[Sat Apr  4 19:34:27 2015] [debug] Rendering inline template "dd85456cf9f44e1e43bebae130a7f9df"
[Sat Apr  4 19:34:28 2015] [debug] 500 Internal Server Error (0.128952s, 7.755/s)
[Sat Apr  4 19:37:50 2015] [debug] Your secret passphrase needs to be changed
[Sat Apr  4 19:38:02 2015] [debug] Your secret passphrase needs to be changed
[Sat Apr  4 19:38:24 2015] [debug] Your secret passphrase needs to be changed
[Sat Apr  4 19:38:26 2015] [debug] Your secret passphrase needs to be changed
[Sat Apr  4 19:38:28 2015] [debug] GET "/"
[Sat Apr  4 19:38:28 2015] [debug] Class "Muddled::Controller::Home" is not a controller
[Sat Apr  4 19:38:28 2015] [debug] Rendering template "home/welcome.html.ep"
[Sat Apr  4 19:38:28 2015] [debug] Rendering template "layouts/default.html.ep"
[Sat Apr  4 19:38:28 2015] [error] syntax error at template layouts/default.html.ep line 28, near ") =>"
syntax error at template layouts/default.html.ep line 54, near "} $_O "
  (Might be a runaway multi-line "" string starting on line 37)
Global symbol "$_O" requires explicit package name at template layouts/default.html.ep line 54.
23: 
24:         %= content header => begin
25:             
26:         % end 
27: 
28:         % for my $message (qw|success info error|) => begin 
29:             <div class="alert alert-<%= $message %> alert-dismissible" role="alert">
30:               <button type="button" class="close" data-dismiss="alert" aria-label="Close"><span aria-hidden="true">&times;</span></button>
31:               %= flash $message
32:             </div>
33:         % end

[Sat Apr  4 19:38:28 2015] [debug] Template "exception.development.html.ep" not found
[Sat Apr  4 19:38:28 2015] [debug] Template "exception.html.ep" not found
[Sat Apr  4 19:38:28 2015] [debug] Rendering inline template "fd403ab55a4c875e35b42428816134c7"
[Sat Apr  4 19:38:28 2015] [debug] Rendering inline template "dd85456cf9f44e1e43bebae130a7f9df"
[Sat Apr  4 19:38:28 2015] [debug] 500 Internal Server Error (0.163601s, 6.112/s)
[Sat Apr  4 19:38:43 2015] [debug] Your secret passphrase needs to be changed
[Sat Apr  4 19:38:43 2015] [debug] GET "/"
[Sat Apr  4 19:38:43 2015] [debug] Class "Muddled::Controller::Home" is not a controller
[Sat Apr  4 19:38:43 2015] [debug] Rendering template "home/welcome.html.ep"
[Sat Apr  4 19:38:43 2015] [debug] Rendering template "layouts/default.html.ep"
[Sat Apr  4 19:38:43 2015] [error] syntax error at template layouts/default.html.ep line 28, at EOF
Global symbol "$message" requires explicit package name at template layouts/default.html.ep line 29.
Global symbol "$message" requires explicit package name at template layouts/default.html.ep line 31.
Unmatched right curly bracket at template layouts/default.html.ep line 54, at end of line
  (Might be a runaway multi-line "" string starting on line 37)
syntax error at template layouts/default.html.ep line 54, near "; }"
Global symbol "$_O" requires explicit package name at template layouts/default.html.ep line 54.
Unmatched right curly bracket at template layouts/default.html.ep line 54, at end of line
23: 
24:         %= content header => begin
25:             
26:         % end 
27: 
28:         % for my $message (qw|success info error|) }
29:             <div class="alert alert-<%= $message %> alert-dismissible" role="alert">
30:               <button type="button" class="close" data-dismiss="alert" aria-label="Close"><span aria-hidden="true">&times;</span></button>
31:               %= flash $message
32:             </div>
33:         % }

[Sat Apr  4 19:38:43 2015] [debug] Template "exception.development.html.ep" not found
[Sat Apr  4 19:38:43 2015] [debug] Template "exception.html.ep" not found
[Sat Apr  4 19:38:43 2015] [debug] Rendering inline template "fd403ab55a4c875e35b42428816134c7"
[Sat Apr  4 19:38:43 2015] [debug] Rendering inline template "dd85456cf9f44e1e43bebae130a7f9df"
[Sat Apr  4 19:38:43 2015] [debug] 500 Internal Server Error (0.143053s, 6.990/s)
[Sat Apr  4 19:38:52 2015] [debug] Your secret passphrase needs to be changed
[Sat Apr  4 19:38:52 2015] [debug] GET "/"
[Sat Apr  4 19:38:52 2015] [debug] Class "Muddled::Controller::Home" is not a controller
[Sat Apr  4 19:38:52 2015] [debug] Rendering template "home/welcome.html.ep"
[Sat Apr  4 19:38:52 2015] [debug] Rendering template "layouts/default.html.ep"
[Sat Apr  4 19:38:52 2015] [debug] 200 OK (0.091903s, 10.881/s)
[Sat Apr  4 19:39:06 2015] [debug] GET "/"
[Sat Apr  4 19:39:06 2015] [debug] Class "Muddled::Controller::Home" is not a controller
[Sat Apr  4 19:39:06 2015] [debug] Rendering cached template "home/welcome.html.ep"
[Sat Apr  4 19:39:06 2015] [debug] Rendering cached template "layouts/default.html.ep"
[Sat Apr  4 19:39:06 2015] [debug] 200 OK (0.008525s, 117.302/s)
[Sat Apr  4 19:39:16 2015] [debug] Your secret passphrase needs to be changed
[Sat Apr  4 19:40:06 2015] [debug] Your secret passphrase needs to be changed
[Sat Apr  4 19:40:25 2015] [debug] Your secret passphrase needs to be changed
[Sat Apr  4 19:40:41 2015] [debug] Your secret passphrase needs to be changed
[Sat Apr  4 19:46:12 2015] [debug] Your secret passphrase needs to be changed
[Sat Apr  4 19:46:13 2015] [debug] GET "/"
[Sat Apr  4 19:46:13 2015] [debug] Class "Muddled::Controller::Home" is not a controller
[Sat Apr  4 19:46:13 2015] [debug] Rendering template "home/welcome.html.ep"
[Sat Apr  4 19:46:13 2015] [debug] Rendering template "layouts/default.html.ep"
[Sat Apr  4 19:46:13 2015] [error] Undefined subroutine &Muddled::b called at /Library/Perl/5.18/Mojolicious/Plugin/EPRenderer.pm line 59.
54: 
55: sub _helpers {
56:   my ($class, $helpers) = @_;
57:   for my $method (grep {/^\w+$/} keys %$helpers) {
58:     my $sub = $helpers->{$method};
59:     monkey_patch $class, $method, sub { $class->_C->$sub(@_) };
60:   }
61: }
62: 
63: 1;
64: 

[Sat Apr  4 19:46:13 2015] [debug] Template "exception.development.html.ep" not found
[Sat Apr  4 19:46:13 2015] [debug] Template "exception.html.ep" not found
[Sat Apr  4 19:46:13 2015] [debug] Rendering inline template "fd403ab55a4c875e35b42428816134c7"
[Sat Apr  4 19:46:13 2015] [debug] Rendering inline template "dd85456cf9f44e1e43bebae130a7f9df"
[Sat Apr  4 19:46:13 2015] [debug] 500 Internal Server Error (0.307345s, 3.254/s)
[Sat Apr  4 19:46:17 2015] [debug] GET "/"
[Sat Apr  4 19:46:17 2015] [debug] Class "Muddled::Controller::Home" is not a controller
[Sat Apr  4 19:46:17 2015] [debug] Rendering cached template "home/welcome.html.ep"
[Sat Apr  4 19:46:17 2015] [debug] Rendering cached template "layouts/default.html.ep"
[Sat Apr  4 19:46:17 2015] [error] Undefined subroutine &Muddled::b called at /Library/Perl/5.18/Mojolicious/Plugin/EPRenderer.pm line 59.
54: 
55: sub _helpers {
56:   my ($class, $helpers) = @_;
57:   for my $method (grep {/^\w+$/} keys %$helpers) {
58:     my $sub = $helpers->{$method};
59:     monkey_patch $class, $method, sub { $class->_C->$sub(@_) };
60:   }
61: }
62: 
63: 1;
64: 

[Sat Apr  4 19:46:17 2015] [debug] Template "exception.development.html.ep" not found
[Sat Apr  4 19:46:17 2015] [debug] Template "exception.html.ep" not found
[Sat Apr  4 19:46:17 2015] [debug] Rendering cached inline template "fd403ab55a4c875e35b42428816134c7"
[Sat Apr  4 19:46:17 2015] [debug] Rendering cached inline template "dd85456cf9f44e1e43bebae130a7f9df"
[Sat Apr  4 19:46:17 2015] [debug] 500 Internal Server Error (0.021359s, 46.819/s)
[Sat Apr  4 19:46:58 2015] [debug] Your secret passphrase needs to be changed
[Sat Apr  4 19:47:00 2015] [debug] GET "/"
[Sat Apr  4 19:47:00 2015] [debug] Class "Muddled::Controller::Home" is not a controller
[Sat Apr  4 19:47:00 2015] [debug] Rendering template "home/welcome.html.ep"
[Sat Apr  4 19:47:00 2015] [debug] Rendering template "layouts/default.html.ep"
[Sat Apr  4 19:47:00 2015] [debug] 200 OK (0.153791s, 6.502/s)
[Sat Apr  4 19:47:19 2015] [debug] Your secret passphrase needs to be changed
[Sat Apr  4 19:47:22 2015] [debug] Your secret passphrase needs to be changed
[Sat Apr  4 19:47:29 2015] [debug] Your secret passphrase needs to be changed
[Sat Apr  4 19:47:54 2015] [debug] Your secret passphrase needs to be changed
[Sat Apr  4 19:47:56 2015] [debug] Your secret passphrase needs to be changed
[Sat Apr  4 19:48:16 2015] [debug] Your secret passphrase needs to be changed
[Sat Apr  4 19:48:35 2015] [debug] Your secret passphrase needs to be changed
[Sat Apr  4 19:48:45 2015] [debug] Your secret passphrase needs to be changed
[Sat Apr  4 19:48:50 2015] [debug] Your secret passphrase needs to be changed
[Sat Apr  4 19:48:54 2015] [debug] Your secret passphrase needs to be changed
[Sat Apr  4 19:49:14 2015] [debug] Your secret passphrase needs to be changed
[Sat Apr  4 19:49:14 2015] [debug] GET "/"
[Sat Apr  4 19:49:14 2015] [debug] Class "Muddled::Controller::Home" is not a controller
[Sat Apr  4 19:49:14 2015] [debug] Rendering template "home/welcome.html.ep"
[Sat Apr  4 19:49:14 2015] [debug] Rendering template "layouts/default.html.ep"
[Sat Apr  4 19:49:14 2015] [debug] 200 OK (0.105471s, 9.481/s)
[Sat Apr  4 19:49:16 2015] [debug] GET "/"
[Sat Apr  4 19:49:16 2015] [debug] Class "Muddled::Controller::Home" is not a controller
[Sat Apr  4 19:49:16 2015] [debug] Rendering cached template "home/welcome.html.ep"
[Sat Apr  4 19:49:16 2015] [debug] Rendering cached template "layouts/default.html.ep"
[Sat Apr  4 19:49:16 2015] [debug] 200 OK (0.008558s, 116.850/s)
[Sat Apr  4 19:49:21 2015] [debug] Your secret passphrase needs to be changed
[Sat Apr  4 19:49:22 2015] [debug] Your secret passphrase needs to be changed
[Sat Apr  4 19:49:29 2015] [debug] Your secret passphrase needs to be changed
[Sat Apr  4 19:49:30 2015] [debug] GET "/"
[Sat Apr  4 19:49:30 2015] [debug] Class "Muddled::Controller::Home" is not a controller
[Sat Apr  4 19:49:30 2015] [debug] Rendering template "home/welcome.html.ep"
[Sat Apr  4 19:49:30 2015] [debug] Rendering template "layouts/default.html.ep"
[Sat Apr  4 19:49:30 2015] [debug] 200 OK (0.142170s, 7.034/s)
[Sat Apr  4 19:49:32 2015] [debug] GET "/"
[Sat Apr  4 19:49:32 2015] [debug] Class "Muddled::Controller::Home" is not a controller
[Sat Apr  4 19:49:32 2015] [debug] Rendering cached template "home/welcome.html.ep"
[Sat Apr  4 19:49:32 2015] [debug] Rendering cached template "layouts/default.html.ep"
[Sat Apr  4 19:49:32 2015] [debug] 200 OK (0.008214s, 121.743/s)
[Sat Apr  4 19:49:37 2015] [debug] Your secret passphrase needs to be changed
[Sat Apr  4 19:49:42 2015] [debug] Your secret passphrase needs to be changed
[Sat Apr  4 19:50:03 2015] [debug] Your secret passphrase needs to be changed
[Sat Apr  4 19:50:04 2015] [debug] GET "/"
[Sat Apr  4 19:50:04 2015] [debug] Class "Muddled::Controller::Home" is not a controller
[Sat Apr  4 19:50:04 2015] [debug] Rendering template "home/welcome.html.ep"
[Sat Apr  4 19:50:04 2015] [debug] Rendering template "layouts/default.html.ep"
[Sat Apr  4 19:50:04 2015] [error] Undefined subroutine &Muddled::b called at /Library/Perl/5.18/Mojolicious/Plugin/EPRenderer.pm line 59.
54: 
55: sub _helpers {
56:   my ($class, $helpers) = @_;
57:   for my $method (grep {/^\w+$/} keys %$helpers) {
58:     my $sub = $helpers->{$method};
59:     monkey_patch $class, $method, sub { $class->_C->$sub(@_) };
60:   }
61: }
62: 
63: 1;
64: 

[Sat Apr  4 19:50:04 2015] [debug] Template "exception.development.html.ep" not found
[Sat Apr  4 19:50:04 2015] [debug] Template "exception.html.ep" not found
[Sat Apr  4 19:50:04 2015] [debug] Rendering inline template "fd403ab55a4c875e35b42428816134c7"
[Sat Apr  4 19:50:04 2015] [debug] Rendering inline template "dd85456cf9f44e1e43bebae130a7f9df"
[Sat Apr  4 19:50:04 2015] [debug] 500 Internal Server Error (0.198786s, 5.031/s)
[Sat Apr  4 19:51:35 2015] [debug] Your secret passphrase needs to be changed
[Sat Apr  4 19:51:40 2015] [debug] Your secret passphrase needs to be changed
[Sat Apr  4 19:51:49 2015] [debug] Your secret passphrase needs to be changed
[Sat Apr  4 19:51:53 2015] [debug] GET "/"
[Sat Apr  4 19:51:53 2015] [debug] Class "Muddled::Controller::Home" is not a controller
[Sat Apr  4 19:51:53 2015] [debug] Rendering template "home/welcome.html.ep"
[Sat Apr  4 19:51:53 2015] [debug] Rendering template "layouts/default.html.ep"
[Sat Apr  4 19:51:53 2015] [error] Undefined subroutine &Muddled::b called at /Library/Perl/5.18/Mojolicious/Plugin/EPRenderer.pm line 59.
54: 
55: sub _helpers {
56:   my ($class, $helpers) = @_;
57:   for my $method (grep {/^\w+$/} keys %$helpers) {
58:     my $sub = $helpers->{$method};
59:     monkey_patch $class, $method, sub { $class->_C->$sub(@_) };
60:   }
61: }
62: 
63: 1;
64: 

[Sat Apr  4 19:51:53 2015] [debug] Template "exception.development.html.ep" not found
[Sat Apr  4 19:51:53 2015] [debug] Template "exception.html.ep" not found
[Sat Apr  4 19:51:53 2015] [debug] Rendering inline template "fd403ab55a4c875e35b42428816134c7"
[Sat Apr  4 19:51:53 2015] [debug] Rendering inline template "dd85456cf9f44e1e43bebae130a7f9df"
[Sat Apr  4 19:51:53 2015] [debug] 500 Internal Server Error (0.206160s, 4.851/s)
[Sat Apr  4 19:53:06 2015] [debug] Your secret passphrase needs to be changed
[Sat Apr  4 19:53:10 2015] [debug] GET "/"
[Sat Apr  4 19:53:10 2015] [debug] Class "Muddled::Controller::Home" is not a controller
[Sat Apr  4 19:53:10 2015] [debug] Rendering template "home/welcome.html.ep"
[Sat Apr  4 19:53:10 2015] [debug] Rendering template "layouts/default.html.ep"
[Sat Apr  4 19:53:10 2015] [debug] 200 OK (0.152654s, 6.551/s)
[Sat Apr  4 19:53:28 2015] [debug] Your secret passphrase needs to be changed
[Sat Apr  4 19:53:33 2015] [debug] Your secret passphrase needs to be changed
[Sat Apr  4 19:54:00 2015] [debug] Your secret passphrase needs to be changed
[Sat Apr  4 19:54:10 2015] [debug] Your secret passphrase needs to be changed
[Sat Apr  4 19:54:11 2015] [debug] GET "/"
[Sat Apr  4 19:54:11 2015] [debug] Class "Muddled::Controller::Home" is not a controller
[Sat Apr  4 19:54:11 2015] [debug] Rendering template "home/welcome.html.ep"
[Sat Apr  4 19:54:11 2015] [debug] Rendering template "layouts/default.html.ep"
[Sat Apr  4 19:54:11 2015] [error] Global symbol "$message" requires explicit package name at template layouts/default.html.ep line 30.
syntax error at template layouts/default.html.ep line 30, near "$message 
$_O "
25:             
26:         % end 
27: 
28:         % for my $type (qw|success info error|) {
29:             % next unless flash $message
30:             <div class="alert alert-<%= $type %> alert-dismissible" role="alert">
31:               <button type="button" class="close" data-dismiss="alert" aria-label="Close"><span aria-hidden="true">&times;</span></button>
32:               %= flash $type
33:             </div>
34:         % }
35: 

[Sat Apr  4 19:54:11 2015] [debug] Template "exception.development.html.ep" not found
[Sat Apr  4 19:54:11 2015] [debug] Template "exception.html.ep" not found
[Sat Apr  4 19:54:11 2015] [debug] Rendering inline template "fd403ab55a4c875e35b42428816134c7"
[Sat Apr  4 19:54:11 2015] [debug] Rendering inline template "dd85456cf9f44e1e43bebae130a7f9df"
[Sat Apr  4 19:54:11 2015] [debug] 500 Internal Server Error (0.176583s, 5.663/s)
[Sat Apr  4 19:54:23 2015] [debug] Your secret passphrase needs to be changed
[Sat Apr  4 19:54:25 2015] [debug] Your secret passphrase needs to be changed
[Sat Apr  4 19:54:30 2015] [debug] Your secret passphrase needs to be changed
[Sat Apr  4 19:54:32 2015] [debug] Your secret passphrase needs to be changed
[Sat Apr  4 19:54:33 2015] [debug] GET "/"
[Sat Apr  4 19:54:33 2015] [debug] Class "Muddled::Controller::Home" is not a controller
[Sat Apr  4 19:54:33 2015] [debug] Rendering template "home/welcome.html.ep"
[Sat Apr  4 19:54:33 2015] [debug] Rendering template "layouts/default.html.ep"
[Sat Apr  4 19:54:33 2015] [error] Global symbol "$message" requires explicit package name at template layouts/default.html.ep line 30.
syntax error at template layouts/default.html.ep line 30, near "$message 
$_O "
25:             
26:         % end 
27: 
28:         % for my $type (qw|success info error|) {
29:             % next unless flash $message
30:             <div class="alert alert-<%= $type %> alert-dismissible" role="alert">
31:               <button type="button" class="close" data-dismiss="alert" aria-label="Close"><span aria-hidden="true">&times;</span></button>
32:               %= flash $type
33:             </div>
34:         % }
35: 

[Sat Apr  4 19:54:33 2015] [debug] Template "exception.development.html.ep" not found
[Sat Apr  4 19:54:33 2015] [debug] Template "exception.html.ep" not found
[Sat Apr  4 19:54:33 2015] [debug] Rendering inline template "fd403ab55a4c875e35b42428816134c7"
[Sat Apr  4 19:54:33 2015] [debug] Rendering inline template "dd85456cf9f44e1e43bebae130a7f9df"
[Sat Apr  4 19:54:33 2015] [debug] 500 Internal Server Error (0.153771s, 6.503/s)
[Sat Apr  4 19:54:43 2015] [debug] Your secret passphrase needs to be changed
[Sat Apr  4 19:54:44 2015] [debug] GET "/"
[Sat Apr  4 19:54:44 2015] [debug] Class "Muddled::Controller::Home" is not a controller
[Sat Apr  4 19:54:44 2015] [debug] Rendering template "home/welcome.html.ep"
[Sat Apr  4 19:54:44 2015] [debug] Rendering template "layouts/default.html.ep"
[Sat Apr  4 19:54:44 2015] [error] syntax error at template layouts/default.html.ep line 30, near "$type 
$_O "
25:             
26:         % end 
27: 
28:         % for my $type (qw|success info error|) {
29:             % next unless flash $type
30:             <div class="alert alert-<%= $type %> alert-dismissible" role="alert">
31:               <button type="button" class="close" data-dismiss="alert" aria-label="Close"><span aria-hidden="true">&times;</span></button>
32:               %= flash $type
33:             </div>
34:         % }
35: 

[Sat Apr  4 19:54:44 2015] [debug] Template "exception.development.html.ep" not found
[Sat Apr  4 19:54:44 2015] [debug] Template "exception.html.ep" not found
[Sat Apr  4 19:54:44 2015] [debug] Rendering inline template "fd403ab55a4c875e35b42428816134c7"
[Sat Apr  4 19:54:44 2015] [debug] Rendering inline template "dd85456cf9f44e1e43bebae130a7f9df"
[Sat Apr  4 19:54:44 2015] [debug] 500 Internal Server Error (0.144867s, 6.903/s)
[Sat Apr  4 19:54:58 2015] [debug] GET "/"
[Sat Apr  4 19:54:58 2015] [debug] Class "Muddled::Controller::Home" is not a controller
[Sat Apr  4 19:54:58 2015] [debug] Rendering cached template "home/welcome.html.ep"
[Sat Apr  4 19:54:58 2015] [debug] Rendering template "layouts/default.html.ep"
[Sat Apr  4 19:54:58 2015] [debug] 200 OK (0.014908s, 67.078/s)
[Sat Apr  4 19:54:59 2015] [debug] Your secret passphrase needs to be changed
[Sat Apr  4 19:55:00 2015] [debug] GET "/"
[Sat Apr  4 19:55:00 2015] [debug] Class "Muddled::Controller::Home" is not a controller
[Sat Apr  4 19:55:00 2015] [debug] Rendering template "home/welcome.html.ep"
[Sat Apr  4 19:55:00 2015] [debug] Rendering template "layouts/default.html.ep"
[Sat Apr  4 19:55:00 2015] [debug] 200 OK (0.097724s, 10.233/s)
[Sat Apr  4 19:55:06 2015] [debug] GET "/"
[Sat Apr  4 19:55:06 2015] [debug] Class "Muddled::Controller::Home" is not a controller
[Sat Apr  4 19:55:06 2015] [debug] Rendering cached template "home/welcome.html.ep"
[Sat Apr  4 19:55:06 2015] [debug] Rendering cached template "layouts/default.html.ep"
[Sat Apr  4 19:55:06 2015] [debug] 200 OK (0.008821s, 113.366/s)
[Sat Apr  4 19:55:27 2015] [debug] Your secret passphrase needs to be changed
[Sat Apr  4 19:55:29 2015] [debug] Your secret passphrase needs to be changed
[Sat Apr  4 19:55:35 2015] [debug] Your secret passphrase needs to be changed
[Sat Apr  4 19:55:38 2015] [debug] Your secret passphrase needs to be changed
[Sat Apr  4 19:55:48 2015] [debug] Your secret passphrase needs to be changed
[Sat Apr  4 19:55:51 2015] [debug] GET "/"
[Sat Apr  4 19:55:51 2015] [debug] Class "Muddled::Controller::Home" is not a controller
[Sat Apr  4 19:55:51 2015] [debug] Rendering template "home/welcome.html.ep"
[Sat Apr  4 19:55:51 2015] [debug] Rendering template "layouts/default.html.ep"
[Sat Apr  4 19:55:51 2015] [debug] 200 OK (0.130987s, 7.634/s)
[Sat Apr  4 19:55:52 2015] [debug] GET "/"
[Sat Apr  4 19:55:52 2015] [debug] Class "Muddled::Controller::Home" is not a controller
[Sat Apr  4 19:55:52 2015] [debug] Rendering cached template "home/welcome.html.ep"
[Sat Apr  4 19:55:52 2015] [debug] Rendering cached template "layouts/default.html.ep"
[Sat Apr  4 19:55:52 2015] [debug] 200 OK (0.007783s, 128.485/s)
[Sat Apr  4 19:56:10 2015] [debug] Your secret passphrase needs to be changed
[Sat Apr  4 19:56:11 2015] [debug] GET "/"
[Sat Apr  4 19:56:11 2015] [debug] Class "Muddled::Controller::Home" is not a controller
[Sat Apr  4 19:56:11 2015] [debug] Rendering template "home/welcome.html.ep"
[Sat Apr  4 19:56:11 2015] [debug] Rendering template "layouts/default.html.ep"
[Sat Apr  4 19:56:11 2015] [debug] 200 OK (0.192223s, 5.202/s)
[Sat Apr  4 19:56:19 2015] [debug] Your secret passphrase needs to be changed
[Sat Apr  4 19:56:19 2015] [debug] GET "/"
[Sat Apr  4 19:56:19 2015] [debug] Class "Muddled::Controller::Home" is not a controller
[Sat Apr  4 19:56:19 2015] [debug] Rendering template "home/welcome.html.ep"
[Sat Apr  4 19:56:19 2015] [debug] Rendering template "layouts/default.html.ep"
[Sat Apr  4 19:56:19 2015] [debug] 200 OK (0.093895s, 10.650/s)
[Sat Apr  4 19:56:30 2015] [debug] Your secret passphrase needs to be changed
[Sat Apr  4 19:56:30 2015] [debug] GET "/"
[Sat Apr  4 19:56:30 2015] [debug] Class "Muddled::Controller::Home" is not a controller
[Sat Apr  4 19:56:30 2015] [debug] Rendering template "home/welcome.html.ep"
[Sat Apr  4 19:56:30 2015] [debug] Rendering template "layouts/default.html.ep"
[Sat Apr  4 19:56:31 2015] [debug] 200 OK (0.146337s, 6.834/s)
[Sat Apr  4 19:56:38 2015] [debug] Your secret passphrase needs to be changed
[Sat Apr  4 19:56:38 2015] [debug] GET "/"
[Sat Apr  4 19:56:38 2015] [debug] Class "Muddled::Controller::Home" is not a controller
[Sat Apr  4 19:56:38 2015] [debug] Rendering template "home/welcome.html.ep"
[Sat Apr  4 19:56:38 2015] [debug] Rendering template "layouts/default.html.ep"
[Sat Apr  4 19:56:38 2015] [debug] 200 OK (0.030894s, 32.369/s)
[Sat Apr  4 19:56:54 2015] [debug] Your secret passphrase needs to be changed
[Sat Apr  4 19:56:55 2015] [debug] GET "/"
[Sat Apr  4 19:56:55 2015] [debug] Class "Muddled::Controller::Home" is not a controller
[Sat Apr  4 19:56:55 2015] [debug] Rendering template "home/welcome.html.ep"
[Sat Apr  4 19:56:55 2015] [debug] Rendering template "layouts/default.html.ep"
[Sat Apr  4 19:56:55 2015] [debug] 200 OK (0.059907s, 16.693/s)
[Sat Apr  4 19:57:00 2015] [debug] Your secret passphrase needs to be changed
[Sat Apr  4 19:57:03 2015] [debug] Your secret passphrase needs to be changed
[Sat Apr  4 19:57:06 2015] [debug] Your secret passphrase needs to be changed
[Sat Apr  4 19:58:21 2015] [debug] Your secret passphrase needs to be changed
[Sat Apr  4 19:58:23 2015] [debug] GET "/"
[Sat Apr  4 19:58:23 2015] [debug] Class "Muddled::Controller::Home" is not a controller
[Sat Apr  4 19:58:23 2015] [debug] Rendering template "home/welcome.html.ep"
[Sat Apr  4 19:58:23 2015] [debug] Rendering template "layouts/default.html.ep"
[Sat Apr  4 19:58:23 2015] [error] Global symbol "$info" requires explicit package name at template layouts/default.html.ep line 28.
23: 
24:         %= content header => begin
25:             
26:         % end 
27: 
28:         %= $info
29: 
30:         % for my $type (qw|success info error|) {
31:             % next unless flash $type;
32:             <div class="alert alert-<%= $type %> alert-dismissible" role="alert">
33:               <button type="button" class="close" data-dismiss="alert" aria-label="Close"><span aria-hidden="true">&times;</span></button>

[Sat Apr  4 19:58:23 2015] [debug] Template "exception.development.html.ep" not found
[Sat Apr  4 19:58:23 2015] [debug] Template "exception.html.ep" not found
[Sat Apr  4 19:58:23 2015] [debug] Rendering inline template "fd403ab55a4c875e35b42428816134c7"
[Sat Apr  4 19:58:23 2015] [debug] Rendering inline template "dd85456cf9f44e1e43bebae130a7f9df"
[Sat Apr  4 19:58:23 2015] [debug] 500 Internal Server Error (0.149292s, 6.698/s)
[Sat Apr  4 19:59:12 2015] [debug] Your secret passphrase needs to be changed
[Sat Apr  4 19:59:13 2015] [debug] Your secret passphrase needs to be changed
[Sat Apr  4 19:59:29 2015] [debug] Your secret passphrase needs to be changed
[Sat Apr  4 20:00:17 2015] [debug] Your secret passphrase needs to be changed
[Sat Apr  4 20:00:30 2015] [debug] Your secret passphrase needs to be changed
[Sat Apr  4 20:00:39 2015] [debug] Your secret passphrase needs to be changed
[Sat Apr  4 20:00:50 2015] [debug] Your secret passphrase needs to be changed
[Sat Apr  4 20:00:52 2015] [debug] Your secret passphrase needs to be changed
[Sat Apr  4 20:00:54 2015] [debug] GET "/"
[Sat Apr  4 20:00:54 2015] [debug] Class "Muddled::Controller::Home" is not a controller
[Sat Apr  4 20:00:54 2015] [debug] Rendering template "home/welcome.html.ep"
[Sat Apr  4 20:00:54 2015] [debug] Rendering template "layouts/default.html.ep"
[Sat Apr  4 20:00:54 2015] [debug] 200 OK (0.140964s, 7.094/s)
[Sat Apr  4 20:00:56 2015] [debug] GET "/"
[Sat Apr  4 20:00:56 2015] [debug] Class "Muddled::Controller::Home" is not a controller
[Sat Apr  4 20:00:56 2015] [debug] Rendering cached template "home/welcome.html.ep"
[Sat Apr  4 20:00:56 2015] [debug] Rendering cached template "layouts/default.html.ep"
[Sat Apr  4 20:00:56 2015] [debug] 200 OK (0.008174s, 122.339/s)
[Sat Apr  4 20:00:57 2015] [debug] GET "/"
[Sat Apr  4 20:00:57 2015] [debug] Class "Muddled::Controller::Home" is not a controller
[Sat Apr  4 20:00:57 2015] [debug] Rendering cached template "home/welcome.html.ep"
[Sat Apr  4 20:00:57 2015] [debug] Rendering cached template "layouts/default.html.ep"
[Sat Apr  4 20:00:57 2015] [debug] 200 OK (0.006868s, 145.603/s)
[Sat Apr  4 20:01:07 2015] [debug] Your secret passphrase needs to be changed
[Sat Apr  4 20:01:11 2015] [debug] Your secret passphrase needs to be changed
[Sat Apr  4 20:01:36 2015] [debug] Your secret passphrase needs to be changed
[Sat Apr  4 20:01:41 2015] [debug] Your secret passphrase needs to be changed
[Sat Apr  4 20:01:53 2015] [debug] Your secret passphrase needs to be changed
[Sat Apr  4 20:02:03 2015] [debug] Your secret passphrase needs to be changed
[Sat Apr  4 20:02:20 2015] [debug] GET "/"
[Sat Apr  4 20:02:20 2015] [debug] Class "Muddled::Controller::Home" is not a controller
[Sat Apr  4 20:02:20 2015] [debug] Rendering template "home/welcome.html.ep"
[Sat Apr  4 20:02:20 2015] [debug] Rendering template "layouts/default.html.ep"
[Sat Apr  4 20:02:20 2015] [debug] 200 OK (0.194724s, 5.135/s)
[Sat Apr  4 20:02:53 2015] [debug] Your secret passphrase needs to be changed
[Sat Apr  4 20:03:20 2015] [debug] Your secret passphrase needs to be changed
[Sat Apr  4 20:03:22 2015] [debug] Your secret passphrase needs to be changed
[Sat Apr  4 20:03:24 2015] [debug] GET "/"
[Sat Apr  4 20:03:24 2015] [debug] Class "Muddled::Controller::Home" is not a controller
[Sat Apr  4 20:03:24 2015] [debug] Rendering template "home/welcome.html.ep"
[Sat Apr  4 20:03:24 2015] [debug] Rendering template "layouts/default.html.ep"
[Sat Apr  4 20:03:24 2015] [debug] 200 OK (0.180487s, 5.541/s)
[Sat Apr  4 20:03:27 2015] [debug] GET "/"
[Sat Apr  4 20:03:27 2015] [debug] Class "Muddled::Controller::Home" is not a controller
[Sat Apr  4 20:03:27 2015] [debug] Rendering cached template "home/welcome.html.ep"
[Sat Apr  4 20:03:27 2015] [debug] Rendering cached template "layouts/default.html.ep"
[Sat Apr  4 20:03:27 2015] [debug] 200 OK (0.007599s, 131.596/s)
[Sat Apr  4 20:03:52 2015] [debug] Your secret passphrase needs to be changed
[Sat Apr  4 20:03:56 2015] [debug] Your secret passphrase needs to be changed
[Sat Apr  4 20:04:12 2015] [debug] Your secret passphrase needs to be changed
[Sat Apr  4 20:04:14 2015] [debug] Your secret passphrase needs to be changed
[Sat Apr  4 20:04:14 2015] [debug] GET "/"
[Sat Apr  4 20:04:14 2015] [debug] Class "Muddled::Controller::Home" is not a controller
[Sat Apr  4 20:04:14 2015] [debug] Rendering template "home/welcome.html.ep"
[Sat Apr  4 20:04:14 2015] [debug] Rendering template "layouts/default.html.ep"
[Sat Apr  4 20:04:14 2015] [debug] 200 OK (0.168485s, 5.935/s)
[Sat Apr  4 20:04:51 2015] [debug] Your secret passphrase needs to be changed
[Sat Apr  4 20:05:04 2015] [debug] Your secret passphrase needs to be changed
[Sat Apr  4 20:05:10 2015] [debug] Your secret passphrase needs to be changed
[Sat Apr  4 20:05:13 2015] [debug] Your secret passphrase needs to be changed
[Sat Apr  4 20:05:21 2015] [debug] Your secret passphrase needs to be changed
[Sat Apr  4 20:05:30 2015] [debug] Your secret passphrase needs to be changed
[Sat Apr  4 20:05:40 2015] [debug] Your secret passphrase needs to be changed
[Sat Apr  4 20:05:48 2015] [debug] Your secret passphrase needs to be changed
[Sat Apr  4 20:05:57 2015] [debug] Your secret passphrase needs to be changed
[Sat Apr  4 20:06:20 2015] [debug] Your secret passphrase needs to be changed
[Sat Apr  4 20:06:30 2015] [debug] GET "/"
[Sat Apr  4 20:06:30 2015] [debug] Routing to controller "Muddled::Controller::Home" and action "index"
[Sat Apr  4 20:06:30 2015] [debug] Rendering template "home/index.html.ep"
[Sat Apr  4 20:06:30 2015] [debug] Rendering template "layouts/default.html.ep"
[Sat Apr  4 20:06:30 2015] [debug] 200 OK (0.099892s, 10.011/s)
